2026-07-15 16:39:56 INFO  [restartedMain] c.e.s.SmartTicketRouterApplication - Starting SmartTicketRouterApplication using Java 21.0.11 with PID 78321 (/Users/n.chaithra/Downloads/smart-ticket-router/target/classes started by n.chaithra in /Users/n.chaithra/Downloads/smart-ticket-router)
2026-07-15 16:39:56 DEBUG [restartedMain] c.e.s.SmartTicketRouterApplication - Running with Spring Boot v4.1.0, Spring v7.0.8
2026-07-15 16:39:56 INFO  [restartedMain] c.e.s.SmartTicketRouterApplication - No active profile set, falling back to 1 default profile: "default"
2026-07-15 16:39:56 INFO  [restartedMain] o.s.d.r.c.RepositoryConfigurationDelegate - Bootstrapping Spring Data JPA repositories in DEFAULT mode.
2026-07-15 16:39:56 INFO  [restartedMain] o.s.d.r.c.RepositoryConfigurationDelegate - Finished Spring Data repository scanning in 5 ms. Found 2 JPA repository interfaces.
2026-07-15 16:39:56 INFO  [restartedMain] o.s.boot.tomcat.TomcatWebServer - Tomcat initialized with port 8080 (http)
2026-07-15 16:39:56 INFO  [restartedMain] o.a.catalina.core.StandardService - Starting service [Tomcat]
2026-07-15 16:39:56 INFO  [restartedMain] o.a.catalina.core.StandardEngine - Starting Servlet engine: [Apache Tomcat/11.0.22]
2026-07-15 16:39:56 INFO  [restartedMain] o.s.b.w.c.s.WebApplicationContextInitializer - Root WebApplicationContext: initialization completed in 81 ms
2026-07-15 16:39:56 INFO  [restartedMain] org.hibernate.orm.jpa - HHH008540: Processing PersistenceUnitInfo [name: default]
2026-07-15 16:39:56 INFO  [restartedMain] o.s.o.j.p.SpringPersistenceUnitInfo - No LoadTimeWeaver setup: ignoring JPA class transformer
2026-07-15 16:39:56 INFO  [restartedMain] com.zaxxer.hikari.HikariDataSource - HikariPool-3 - Starting...
2026-07-15 16:39:56 INFO  [restartedMain] com.zaxxer.hikari.pool.HikariPool - HikariPool-3 - Added connection org.postgresql.jdbc.PgConnection@3a89a3e4
2026-07-15 16:39:56 INFO  [restartedMain] com.zaxxer.hikari.HikariDataSource - HikariPool-3 - Start completed.
2026-07-15 16:39:56 INFO  [restartedMain] o.hibernate.orm.connections.pooling - HHH10001005: Database info:
	Database JDBC URL [jdbc:postgresql://localhost:5432/smart_ticket_router]
	Database driver: PostgreSQL JDBC Driver
	Database dialect: PostgreSQLDialect
	Database version: 18.4
	Default catalog/schema: smart_ticket_router/public
	Autocommit mode: undefined/unknown
	Isolation level: READ_COMMITTED [default READ_COMMITTED]
	JDBC fetch size: none
	Pool: DataSourceConnectionProvider
	Minimum pool size: undefined/unknown
	Maximum pool size: undefined/unknown
2026-07-15 16:39:56 INFO  [restartedMain] org.hibernate.orm.core - HHH000489: No JTA platform available (set 'hibernate.transaction.jta.platform' to enable JTA platform integration)
2026-07-15 16:39:56 INFO  [restartedMain] o.s.o.j.LocalContainerEntityManagerFactoryBean - Initialized JPA EntityManagerFactory for persistence unit 'default'
2026-07-15 16:39:56 INFO  [restartedMain] c.e.s.config.ChromaConfig - Initializing ChromaDB.
2026-07-15 16:39:56 INFO  [restartedMain] c.e.s.service.ChromaService - Initializing ChromaDB collection.
2026-07-15 16:39:56 INFO  [restartedMain] c.e.s.client.ChromaClient - Creating ChromaDB collection: tickets
2026-07-15 16:39:56 INFO  [restartedMain] c.e.s.service.ChromaService - ChromaDB collection already exists.
2026-07-15 16:39:56 INFO  [restartedMain] c.e.s.config.ChromaConfig - ChromaDB initialization completed successfully.
2026-07-15 16:39:56 INFO  [restartedMain] c.e.s.config.SecurityConfig - Creating BCryptPasswordEncoder bean.
2026-07-15 16:39:56 INFO  [restartedMain] c.e.s.config.SecurityConfig - Configuring DaoAuthenticationProvider.
2026-07-15 16:39:56 DEBUG [restartedMain] c.e.s.config.SecurityConfig - Password encoder configured for authentication provider.
2026-07-15 16:39:56 WARN  [restartedMain] o.s.b.j.a.JpaBaseConfiguration$JpaWebConfiguration - spring.jpa.open-in-view is enabled by default. Therefore, database queries may be performed during view rendering. Explicitly configure spring.jpa.open-in-view to disable this warning
2026-07-15 16:39:56 INFO  [restartedMain] o.s.s.c.a.a.c.InitializeAuthenticationProviderBeanManagerConfigurer$InitializeAuthenticationProviderManagerConfigurer - Global AuthenticationManager configured with AuthenticationProvider bean with name authenticationProvider
2026-07-15 16:39:56 WARN  [restartedMain] o.s.s.c.a.a.c.InitializeUserDetailsBeanManagerConfigurer$InitializeUserDetailsManagerConfigurer - Global AuthenticationManager configured with an AuthenticationProvider bean. UserDetailsService beans will not be used by Spring Security for automatically configuring username/password login. Consider removing the AuthenticationProvider bean. Alternatively, consider using the UserDetailsService in a manually instantiated DaoAuthenticationProvider. If the current configuration is intentional, to turn off this warning, increase the logging level of 'org.springframework.security.config.annotation.authentication.configuration.InitializeUserDetailsBeanManagerConfigurer' to ERROR
2026-07-15 16:39:56 INFO  [restartedMain] c.e.s.config.SecurityConfig - Configuring Spring Security filter chain.
2026-07-15 16:39:56 INFO  [restartedMain] c.e.s.config.SecurityConfig - Spring Security configuration completed.
2026-07-15 16:39:56 INFO  [restartedMain] o.s.b.w.a.WelcomePageHandlerMapping - Adding welcome page template: index
2026-07-15 16:39:56 INFO  [restartedMain] o.s.boot.tomcat.TomcatWebServer - Tomcat started on port 8080 (http) with context path '/'
2026-07-15 16:39:56 INFO  [restartedMain] c.e.s.SmartTicketRouterApplication - Started SmartTicketRouterApplication in 0.212 seconds (process running for 425.665)
2026-07-15 16:39:56 INFO  [restartedMain] o.s.b.d.a.ConditionEvaluationDeltaLoggingListener - Condition evaluation unchanged
2026-07-15 16:39:56 INFO  [restartedMain] c.e.s.SmartTicketRouterApplication - Smart Ticket Router application started successfully.
2026-07-15 16:40:09 INFO  [File Watcher] o.s.b.d.a.LocalDevToolsAutoConfiguration$RestartingClassPathChangeChangedEventListener - Restarting due to 39 class path changes (0 additions, 39 deletions, 0 modifications)
2026-07-15 16:40:09 INFO  [Thread-9] o.s.boot.tomcat.GracefulShutdown - Commencing graceful shutdown. Waiting for active requests to complete
2026-07-15 16:40:09 INFO  [tomcat-shutdown] o.s.boot.tomcat.GracefulShutdown - Graceful shutdown complete
2026-07-15 16:40:09 INFO  [Thread-9] o.s.o.j.LocalContainerEntityManagerFactoryBean - Closing JPA EntityManagerFactory for persistence unit 'default'
2026-07-15 16:40:09 INFO  [Thread-9] com.zaxxer.hikari.HikariDataSource - HikariPool-3 - Shutdown initiated...
2026-07-15 16:40:09 INFO  [Thread-9] com.zaxxer.hikari.HikariDataSource - HikariPool-3 - Shutdown completed.
2026-07-15 16:40:10 INFO  [restartedMain] c.e.s.SmartTicketRouterApplication - Starting Smart Ticket Router application...
2026-07-15 16:40:28 INFO  [background-preinit] o.h.validator.internal.util.Version - HV000001: Hibernate Validator 9.1.0.Final
2026-07-15 16:40:28 INFO  [restartedMain] c.e.s.SmartTicketRouterApplication - Starting SmartTicketRouterApplication using Java 21.0.11 with PID 80384 (/Users/n.chaithra/Downloads/smart-ticket-router/target/classes started by n.chaithra in /Users/n.chaithra/Downloads/smart-ticket-router)
2026-07-15 16:40:28 DEBUG [restartedMain] c.e.s.SmartTicketRouterApplication - Running with Spring Boot v4.1.0, Spring v7.0.8
2026-07-15 16:40:28 INFO  [restartedMain] c.e.s.SmartTicketRouterApplication - No active profile set, falling back to 1 default profile: "default"
2026-07-15 16:40:28 INFO  [restartedMain] o.s.b.d.e.DevToolsPropertyDefaultsPostProcessor - Devtools property defaults active! Set 'spring.devtools.add-properties' to 'false' to disable
2026-07-15 16:40:28 INFO  [restartedMain] o.s.b.d.e.DevToolsPropertyDefaultsPostProcessor - For additional web related logging consider setting the 'logging.level.web' property to 'DEBUG'
2026-07-15 16:40:28 INFO  [restartedMain] o.s.d.r.c.RepositoryConfigurationDelegate - Bootstrapping Spring Data JPA repositories in DEFAULT mode.
2026-07-15 16:40:28 INFO  [restartedMain] o.s.d.r.c.RepositoryConfigurationDelegate - Finished Spring Data repository scanning in 13 ms. Found 2 JPA repository interfaces.
2026-07-15 16:40:28 INFO  [restartedMain] c.e.s.SmartTicketRouterApplication - Starting SmartTicketRouterApplication using Java 21.0.11 with PID 78321 (/Users/n.chaithra/Downloads/smart-ticket-router/target/classes started by n.chaithra in /Users/n.chaithra/Downloads/smart-ticket-router)
2026-07-15 16:40:28 DEBUG [restartedMain] c.e.s.SmartTicketRouterApplication - Running with Spring Boot v4.1.0, Spring v7.0.8
2026-07-15 16:40:28 INFO  [restartedMain] c.e.s.SmartTicketRouterApplication - No active profile set, falling back to 1 default profile: "default"
2026-07-15 16:40:28 INFO  [restartedMain] o.s.d.r.c.RepositoryConfigurationDelegate - Bootstrapping Spring Data JPA repositories in DEFAULT mode.
2026-07-15 16:40:28 INFO  [restartedMain] o.s.d.r.c.RepositoryConfigurationDelegate - Finished Spring Data repository scanning in 3 ms. Found 2 JPA repository interfaces.
2026-07-15 16:40:28 INFO  [restartedMain] o.s.boot.tomcat.TomcatWebServer - Tomcat initialized with port 8080 (http)
2026-07-15 16:40:28 INFO  [restartedMain] o.a.catalina.core.StandardService - Starting service [Tomcat]
2026-07-15 16:40:28 INFO  [restartedMain] o.a.catalina.core.StandardEngine - Starting Servlet engine: [Apache Tomcat/11.0.22]
2026-07-15 16:40:28 INFO  [restartedMain] o.s.b.w.c.s.WebApplicationContextInitializer - Root WebApplicationContext: initialization completed in 65 ms
2026-07-15 16:40:28 INFO  [restartedMain] o.s.boot.tomcat.TomcatWebServer - Tomcat initialized with port 8080 (http)
2026-07-15 16:40:28 INFO  [restartedMain] o.a.coyote.http11.Http11NioProtocol - Initializing ProtocolHandler ["http-nio-8080"]
2026-07-15 16:40:28 INFO  [restartedMain] o.a.catalina.core.StandardService - Starting service [Tomcat]
2026-07-15 16:40:28 INFO  [restartedMain] o.a.catalina.core.StandardEngine - Starting Servlet engine: [Apache Tomcat/11.0.22]
2026-07-15 16:40:28 INFO  [restartedMain] org.hibernate.orm.jpa - HHH008540: Processing PersistenceUnitInfo [name: default]
2026-07-15 16:40:28 INFO  [restartedMain] o.s.o.j.p.SpringPersistenceUnitInfo - No LoadTimeWeaver setup: ignoring JPA class transformer
2026-07-15 16:40:28 INFO  [restartedMain] com.zaxxer.hikari.HikariDataSource - HikariPool-4 - Starting...
2026-07-15 16:40:28 INFO  [restartedMain] o.s.b.w.c.s.WebApplicationContextInitializer - Root WebApplicationContext: initialization completed in 366 ms
2026-07-15 16:40:28 INFO  [restartedMain] com.zaxxer.hikari.pool.HikariPool - HikariPool-4 - Added connection org.postgresql.jdbc.PgConnection@6bdd5a
2026-07-15 16:40:28 INFO  [restartedMain] com.zaxxer.hikari.HikariDataSource - HikariPool-4 - Start completed.
2026-07-15 16:40:28 INFO  [restartedMain] o.hibernate.orm.connections.pooling - HHH10001005: Database info:
	Database JDBC URL [jdbc:postgresql://localhost:5432/smart_ticket_router]
	Database driver: PostgreSQL JDBC Driver
	Database dialect: PostgreSQLDialect
	Database version: 18.4
	Default catalog/schema: smart_ticket_router/public
	Autocommit mode: undefined/unknown
	Isolation level: READ_COMMITTED [default READ_COMMITTED]
	JDBC fetch size: none
	Pool: DataSourceConnectionProvider
	Minimum pool size: undefined/unknown
	Maximum pool size: undefined/unknown
2026-07-15 16:40:28 INFO  [restartedMain] org.hibernate.orm.core - HHH000489: No JTA platform available (set 'hibernate.transaction.jta.platform' to enable JTA platform integration)
2026-07-15 16:40:28 INFO  [restartedMain] o.s.o.j.LocalContainerEntityManagerFactoryBean - Initialized JPA EntityManagerFactory for persistence unit 'default'
2026-07-15 16:40:28 INFO  [restartedMain] org.hibernate.orm.jpa - HHH008540: Processing PersistenceUnitInfo [name: default]
2026-07-15 16:40:28 INFO  [restartedMain] c.e.s.config.ChromaConfig - Initializing ChromaDB.
2026-07-15 16:40:28 INFO  [restartedMain] c.e.s.service.ChromaService - Initializing ChromaDB collection.
2026-07-15 16:40:28 INFO  [restartedMain] c.e.s.client.ChromaClient - Creating ChromaDB collection: tickets
2026-07-15 16:40:28 INFO  [restartedMain] c.e.s.service.ChromaService - ChromaDB collection already exists.
2026-07-15 16:40:28 INFO  [restartedMain] c.e.s.config.ChromaConfig - ChromaDB initialization completed successfully.
2026-07-15 16:40:28 INFO  [restartedMain] c.e.s.config.SecurityConfig - Creating BCryptPasswordEncoder bean.
2026-07-15 16:40:28 INFO  [restartedMain] c.e.s.config.SecurityConfig - Configuring DaoAuthenticationProvider.
2026-07-15 16:40:28 DEBUG [restartedMain] c.e.s.config.SecurityConfig - Password encoder configured for authentication provider.
2026-07-15 16:40:28 WARN  [restartedMain] o.s.b.j.a.JpaBaseConfiguration$JpaWebConfiguration - spring.jpa.open-in-view is enabled by default. Therefore, database queries may be performed during view rendering. Explicitly configure spring.jpa.open-in-view to disable this warning
2026-07-15 16:40:28 INFO  [restartedMain] org.hibernate.orm.core - HHH000001: Hibernate ORM core version 7.4.1.Final
2026-07-15 16:40:28 INFO  [restartedMain] o.s.s.c.a.a.c.InitializeAuthenticationProviderBeanManagerConfigurer$InitializeAuthenticationProviderManagerConfigurer - Global AuthenticationManager configured with AuthenticationProvider bean with name authenticationProvider
2026-07-15 16:40:28 WARN  [restartedMain] o.s.s.c.a.a.c.InitializeUserDetailsBeanManagerConfigurer$InitializeUserDetailsManagerConfigurer - Global AuthenticationManager configured with an AuthenticationProvider bean. UserDetailsService beans will not be used by Spring Security for automatically configuring username/password login. Consider removing the AuthenticationProvider bean. Alternatively, consider using the UserDetailsService in a manually instantiated DaoAuthenticationProvider. If the current configuration is intentional, to turn off this warning, increase the logging level of 'org.springframework.security.config.annotation.authentication.configuration.InitializeUserDetailsBeanManagerConfigurer' to ERROR
2026-07-15 16:40:28 INFO  [restartedMain] c.e.s.config.SecurityConfig - Configuring Spring Security filter chain.
2026-07-15 16:40:28 INFO  [restartedMain] c.e.s.config.SecurityConfig - Spring Security configuration completed.
2026-07-15 16:40:28 INFO  [restartedMain] o.s.b.w.a.WelcomePageHandlerMapping - Adding welcome page template: index
2026-07-15 16:40:28 INFO  [restartedMain] o.s.boot.tomcat.TomcatWebServer - Tomcat started on port 8080 (http) with context path '/'
2026-07-15 16:40:28 INFO  [restartedMain] c.e.s.SmartTicketRouterApplication - Started SmartTicketRouterApplication in 0.217 seconds (process running for 457.86)
2026-07-15 16:40:28 INFO  [restartedMain] o.s.b.d.a.ConditionEvaluationDeltaLoggingListener - Condition evaluation unchanged
2026-07-15 16:40:28 INFO  [restartedMain] c.e.s.SmartTicketRouterApplication - Smart Ticket Router application started successfully.
2026-07-15 16:40:28 INFO  [restartedMain] o.s.o.j.p.SpringPersistenceUnitInfo - No LoadTimeWeaver setup: ignoring JPA class transformer
2026-07-15 16:40:28 INFO  [restartedMain] com.zaxxer.hikari.HikariDataSource - HikariPool-1 - Starting...
2026-07-15 16:40:28 INFO  [restartedMain] com.zaxxer.hikari.pool.HikariPool - HikariPool-1 - Added connection org.postgresql.jdbc.PgConnection@6b39a5cd
2026-07-15 16:40:28 INFO  [restartedMain] com.zaxxer.hikari.HikariDataSource - HikariPool-1 - Start completed.
2026-07-15 16:40:28 INFO  [restartedMain] o.hibernate.orm.connections.pooling - HHH10001005: Database info:
	Database JDBC URL [jdbc:postgresql://localhost:5432/smart_ticket_router]
	Database driver: PostgreSQL JDBC Driver
	Database dialect: PostgreSQLDialect
	Database version: 18.4
	Default catalog/schema: smart_ticket_router/public
	Autocommit mode: undefined/unknown
	Isolation level: READ_COMMITTED [default READ_COMMITTED]
	JDBC fetch size: none
	Pool: DataSourceConnectionProvider
	Minimum pool size: undefined/unknown
	Maximum pool size: undefined/unknown
2026-07-15 16:40:29 INFO  [restartedMain] org.hibernate.orm.core - HHH000489: No JTA platform available (set 'hibernate.transaction.jta.platform' to enable JTA platform integration)
2026-07-15 16:40:29 INFO  [restartedMain] o.s.o.j.LocalContainerEntityManagerFactoryBean - Initialized JPA EntityManagerFactory for persistence unit 'default'
2026-07-15 16:40:29 INFO  [restartedMain] c.e.s.config.ChromaConfig - Initializing ChromaDB.
2026-07-15 16:40:29 INFO  [restartedMain] c.e.s.service.ChromaService - Initializing ChromaDB collection.
2026-07-15 16:40:29 INFO  [restartedMain] c.e.s.client.ChromaClient - Creating ChromaDB collection: tickets
2026-07-15 16:40:29 INFO  [restartedMain] c.e.s.service.ChromaService - ChromaDB collection already exists.
2026-07-15 16:40:29 INFO  [restartedMain] c.e.s.config.ChromaConfig - ChromaDB initialization completed successfully.
2026-07-15 16:40:29 INFO  [restartedMain] o.s.d.j.r.q.QueryEnhancerFactories - Hibernate is in classpath; If applicable, HQL parser will be used.
2026-07-15 16:40:29 INFO  [restartedMain] c.e.s.config.SecurityConfig - Creating BCryptPasswordEncoder bean.
2026-07-15 16:40:29 INFO  [restartedMain] c.e.s.config.SecurityConfig - Configuring DaoAuthenticationProvider.
2026-07-15 16:40:29 DEBUG [restartedMain] c.e.s.config.SecurityConfig - Password encoder configured for authentication provider.
2026-07-15 16:40:29 WARN  [restartedMain] o.s.b.j.a.JpaBaseConfiguration$JpaWebConfiguration - spring.jpa.open-in-view is enabled by default. Therefore, database queries may be performed during view rendering. Explicitly configure spring.jpa.open-in-view to disable this warning
2026-07-15 16:40:29 INFO  [restartedMain] o.s.s.c.a.a.c.InitializeAuthenticationProviderBeanManagerConfigurer$InitializeAuthenticationProviderManagerConfigurer - Global AuthenticationManager configured with AuthenticationProvider bean with name authenticationProvider
2026-07-15 16:40:29 WARN  [restartedMain] o.s.s.c.a.a.c.InitializeUserDetailsBeanManagerConfigurer$InitializeUserDetailsManagerConfigurer - Global AuthenticationManager configured with an AuthenticationProvider bean. UserDetailsService beans will not be used by Spring Security for automatically configuring username/password login. Consider removing the AuthenticationProvider bean. Alternatively, consider using the UserDetailsService in a manually instantiated DaoAuthenticationProvider. If the current configuration is intentional, to turn off this warning, increase the logging level of 'org.springframework.security.config.annotation.authentication.configuration.InitializeUserDetailsBeanManagerConfigurer' to ERROR
2026-07-15 16:40:29 INFO  [restartedMain] c.e.s.config.SecurityConfig - Configuring Spring Security filter chain.
2026-07-15 16:40:29 INFO  [restartedMain] c.e.s.config.SecurityConfig - Spring Security configuration completed.
2026-07-15 16:40:29 INFO  [restartedMain] o.s.b.w.a.WelcomePageHandlerMapping - Adding welcome page template: index
2026-07-15 16:40:29 INFO  [restartedMain] o.a.coyote.http11.Http11NioProtocol - Starting ProtocolHandler ["http-nio-8080"]
2026-07-15 16:40:29 WARN  [restartedMain] o.s.b.w.s.s.c.AnnotationConfigServletWebServerApplicationContext - Exception encountered during context initialization - cancelling refresh attempt: org.springframework.context.ApplicationContextException: Failed to start bean 'webServerStartStop'
2026-07-15 16:40:29 INFO  [restartedMain] o.s.o.j.LocalContainerEntityManagerFactoryBean - Closing JPA EntityManagerFactory for persistence unit 'default'
2026-07-15 16:40:29 INFO  [restartedMain] com.zaxxer.hikari.HikariDataSource - HikariPool-1 - Shutdown initiated...
2026-07-15 16:40:29 INFO  [restartedMain] com.zaxxer.hikari.HikariDataSource - HikariPool-1 - Shutdown completed.
2026-07-15 16:40:29 INFO  [restartedMain] o.s.b.a.l.ConditionEvaluationReportLogger - 

Error starting ApplicationContext. To display the condition evaluation report re-run your application with 'debug' enabled.
2026-07-15 16:40:29 ERROR [restartedMain] o.s.b.d.LoggingFailureAnalysisReporter - 

***************************
APPLICATION FAILED TO START
***************************

Description:

Web server failed to start. Port 8080 was already in use.

Action:

Identify and stop the process that's listening on port 8080 or configure this application to listen on another port.

2026-07-15 16:46:02 INFO  [File Watcher] o.s.b.d.a.LocalDevToolsAutoConfiguration$RestartingClassPathChangeChangedEventListener - Restarting due to 1 class path change (0 additions, 0 deletions, 1 modification)
2026-07-15 16:46:02 INFO  [Thread-15] o.s.boot.tomcat.GracefulShutdown - Commencing graceful shutdown. Waiting for active requests to complete
2026-07-15 16:46:02 INFO  [tomcat-shutdown] o.s.boot.tomcat.GracefulShutdown - Graceful shutdown complete
2026-07-15 16:46:02 INFO  [Thread-15] o.s.o.j.LocalContainerEntityManagerFactoryBean - Closing JPA EntityManagerFactory for persistence unit 'default'
2026-07-15 16:46:02 INFO  [Thread-15] com.zaxxer.hikari.HikariDataSource - HikariPool-4 - Shutdown initiated...
2026-07-15 16:46:02 INFO  [Thread-15] com.zaxxer.hikari.HikariDataSource - HikariPool-4 - Shutdown completed.
2026-07-15 16:46:02 INFO  [restartedMain] c.e.s.SmartTicketRouterApplication - Starting Smart Ticket Router application...
2026-07-15 16:46:02 INFO  [restartedMain] c.e.s.SmartTicketRouterApplication - Starting SmartTicketRouterApplication using Java 21.0.11 with PID 78321 (/Users/n.chaithra/Downloads/smart-ticket-router/target/classes started by n.chaithra in /Users/n.chaithra/Downloads/smart-ticket-router)
2026-07-15 16:46:02 DEBUG [restartedMain] c.e.s.SmartTicketRouterApplication - Running with Spring Boot v4.1.0, Spring v7.0.8
2026-07-15 16:46:02 INFO  [restartedMain] c.e.s.SmartTicketRouterApplication - No active profile set, falling back to 1 default profile: "default"
2026-07-15 16:46:02 INFO  [restartedMain] o.s.d.r.c.RepositoryConfigurationDelegate - Bootstrapping Spring Data JPA repositories in DEFAULT mode.
2026-07-15 16:46:02 INFO  [restartedMain] o.s.d.r.c.RepositoryConfigurationDelegate - Finished Spring Data repository scanning in 3 ms. Found 2 JPA repository interfaces.
2026-07-15 16:46:02 INFO  [restartedMain] o.s.boot.tomcat.TomcatWebServer - Tomcat initialized with port 8080 (http)
2026-07-15 16:46:02 INFO  [restartedMain] o.a.catalina.core.StandardService - Starting service [Tomcat]
2026-07-15 16:46:02 INFO  [restartedMain] o.a.catalina.core.StandardEngine - Starting Servlet engine: [Apache Tomcat/11.0.22]
2026-07-15 16:46:02 INFO  [restartedMain] o.s.b.w.c.s.WebApplicationContextInitializer - Root WebApplicationContext: initialization completed in 56 ms
2026-07-15 16:46:02 INFO  [restartedMain] org.hibernate.orm.jpa - HHH008540: Processing PersistenceUnitInfo [name: default]
2026-07-15 16:46:02 INFO  [restartedMain] o.s.o.j.p.SpringPersistenceUnitInfo - No LoadTimeWeaver setup: ignoring JPA class transformer
2026-07-15 16:46:02 INFO  [restartedMain] com.zaxxer.hikari.HikariDataSource - HikariPool-5 - Starting...
2026-07-15 16:46:02 INFO  [restartedMain] com.zaxxer.hikari.pool.HikariPool - HikariPool-5 - Added connection org.postgresql.jdbc.PgConnection@45cea32a
2026-07-15 16:46:02 INFO  [restartedMain] com.zaxxer.hikari.HikariDataSource - HikariPool-5 - Start completed.
2026-07-15 16:46:02 INFO  [restartedMain] o.hibernate.orm.connections.pooling - HHH10001005: Database info:
	Database JDBC URL [jdbc:postgresql://localhost:5432/smart_ticket_router]
	Database driver: PostgreSQL JDBC Driver
	Database dialect: PostgreSQLDialect
	Database version: 18.4
	Default catalog/schema: smart_ticket_router/public
	Autocommit mode: undefined/unknown
	Isolation level: READ_COMMITTED [default READ_COMMITTED]
	JDBC fetch size: none
	Pool: DataSourceConnectionProvider
	Minimum pool size: undefined/unknown
	Maximum pool size: undefined/unknown
2026-07-15 16:46:02 INFO  [restartedMain] org.hibernate.orm.core - HHH000489: No JTA platform available (set 'hibernate.transaction.jta.platform' to enable JTA platform integration)
2026-07-15 16:46:02 INFO  [restartedMain] o.s.o.j.LocalContainerEntityManagerFactoryBean - Initialized JPA EntityManagerFactory for persistence unit 'default'
2026-07-15 16:46:02 INFO  [restartedMain] c.e.s.config.ChromaConfig - Initializing ChromaDB.
2026-07-15 16:46:02 INFO  [restartedMain] c.e.s.service.ChromaService - Initializing ChromaDB collection.
2026-07-15 16:46:02 INFO  [restartedMain] c.e.s.client.ChromaClient - Creating ChromaDB collection: tickets
2026-07-15 16:46:02 INFO  [restartedMain] c.e.s.service.ChromaService - ChromaDB collection already exists.
2026-07-15 16:46:02 INFO  [restartedMain] c.e.s.config.ChromaConfig - ChromaDB initialization completed successfully.
2026-07-15 16:46:02 INFO  [restartedMain] c.e.s.config.SecurityConfig - Creating BCryptPasswordEncoder bean.
2026-07-15 16:46:02 INFO  [restartedMain] c.e.s.config.SecurityConfig - Configuring DaoAuthenticationProvider.
2026-07-15 16:46:02 DEBUG [restartedMain] c.e.s.config.SecurityConfig - Password encoder configured for authentication provider.
2026-07-15 16:46:02 WARN  [restartedMain] o.s.b.j.a.JpaBaseConfiguration$JpaWebConfiguration - spring.jpa.open-in-view is enabled by default. Therefore, database queries may be performed during view rendering. Explicitly configure spring.jpa.open-in-view to disable this warning
2026-07-15 16:46:02 INFO  [restartedMain] o.s.s.c.a.a.c.InitializeAuthenticationProviderBeanManagerConfigurer$InitializeAuthenticationProviderManagerConfigurer - Global AuthenticationManager configured with AuthenticationProvider bean with name authenticationProvider
2026-07-15 16:46:02 WARN  [restartedMain] o.s.s.c.a.a.c.InitializeUserDetailsBeanManagerConfigurer$InitializeUserDetailsManagerConfigurer - Global AuthenticationManager configured with an AuthenticationProvider bean. UserDetailsService beans will not be used by Spring Security for automatically configuring username/password login. Consider removing the AuthenticationProvider bean. Alternatively, consider using the UserDetailsService in a manually instantiated DaoAuthenticationProvider. If the current configuration is intentional, to turn off this warning, increase the logging level of 'org.springframework.security.config.annotation.authentication.configuration.InitializeUserDetailsBeanManagerConfigurer' to ERROR
2026-07-15 16:46:02 INFO  [restartedMain] c.e.s.config.SecurityConfig - Configuring Spring Security filter chain.
2026-07-15 16:46:02 INFO  [restartedMain] c.e.s.config.SecurityConfig - Spring Security configuration completed.
2026-07-15 16:46:02 INFO  [restartedMain] o.s.b.w.a.WelcomePageHandlerMapping - Adding welcome page template: index
2026-07-15 16:46:02 INFO  [restartedMain] o.s.boot.tomcat.TomcatWebServer - Tomcat started on port 8080 (http) with context path '/'
2026-07-15 16:46:02 INFO  [restartedMain] c.e.s.SmartTicketRouterApplication - Started SmartTicketRouterApplication in 0.195 seconds (process running for 791.688)
2026-07-15 16:46:02 INFO  [restartedMain] o.s.b.d.a.ConditionEvaluationDeltaLoggingListener - Condition evaluation unchanged
2026-07-15 16:46:02 INFO  [restartedMain] c.e.s.SmartTicketRouterApplication - Smart Ticket Router application started successfully.
2026-07-15 16:46:05 INFO  [File Watcher] o.s.b.d.a.LocalDevToolsAutoConfiguration$RestartingClassPathChangeChangedEventListener - Restarting due to 1 class path change (0 additions, 0 deletions, 1 modification)
2026-07-15 16:46:05 INFO  [Thread-22] o.s.boot.tomcat.GracefulShutdown - Commencing graceful shutdown. Waiting for active requests to complete
2026-07-15 16:46:05 INFO  [tomcat-shutdown] o.s.boot.tomcat.GracefulShutdown - Graceful shutdown complete
2026-07-15 16:46:05 INFO  [Thread-22] o.s.o.j.LocalContainerEntityManagerFactoryBean - Closing JPA EntityManagerFactory for persistence unit 'default'
2026-07-15 16:46:05 INFO  [Thread-22] com.zaxxer.hikari.HikariDataSource - HikariPool-5 - Shutdown initiated...
2026-07-15 16:46:05 INFO  [Thread-22] com.zaxxer.hikari.HikariDataSource - HikariPool-5 - Shutdown completed.
2026-07-15 16:46:05 INFO  [restartedMain] c.e.s.SmartTicketRouterApplication - Starting Smart Ticket Router application...
2026-07-15 16:46:05 INFO  [restartedMain] c.e.s.SmartTicketRouterApplication - Starting SmartTicketRouterApplication using Java 21.0.11 with PID 78321 (/Users/n.chaithra/Downloads/smart-ticket-router/target/classes started by n.chaithra in /Users/n.chaithra/Downloads/smart-ticket-router)
2026-07-15 16:46:05 DEBUG [restartedMain] c.e.s.SmartTicketRouterApplication - Running with Spring Boot v4.1.0, Spring v7.0.8
2026-07-15 16:46:05 INFO  [restartedMain] c.e.s.SmartTicketRouterApplication - No active profile set, falling back to 1 default profile: "default"
2026-07-15 16:46:05 INFO  [restartedMain] o.s.d.r.c.RepositoryConfigurationDelegate - Bootstrapping Spring Data JPA repositories in DEFAULT mode.
2026-07-15 16:46:05 INFO  [restartedMain] o.s.d.r.c.RepositoryConfigurationDelegate - Finished Spring Data repository scanning in 3 ms. Found 2 JPA repository interfaces.
2026-07-15 16:46:06 INFO  [restartedMain] o.s.boot.tomcat.TomcatWebServer - Tomcat initialized with port 8080 (http)
2026-07-15 16:46:06 INFO  [restartedMain] o.a.catalina.core.StandardService - Starting service [Tomcat]
2026-07-15 16:46:06 INFO  [restartedMain] o.a.catalina.core.StandardEngine - Starting Servlet engine: [Apache Tomcat/11.0.22]
2026-07-15 16:46:06 INFO  [restartedMain] o.s.b.w.c.s.WebApplicationContextInitializer - Root WebApplicationContext: initialization completed in 57 ms
2026-07-15 16:46:06 INFO  [restartedMain] org.hibernate.orm.jpa - HHH008540: Processing PersistenceUnitInfo [name: default]
2026-07-15 16:46:06 INFO  [restartedMain] o.s.o.j.p.SpringPersistenceUnitInfo - No LoadTimeWeaver setup: ignoring JPA class transformer
2026-07-15 16:46:06 INFO  [restartedMain] com.zaxxer.hikari.HikariDataSource - HikariPool-6 - Starting...
2026-07-15 16:46:06 INFO  [restartedMain] com.zaxxer.hikari.pool.HikariPool - HikariPool-6 - Added connection org.postgresql.jdbc.PgConnection@2c94fcb1
2026-07-15 16:46:06 INFO  [restartedMain] com.zaxxer.hikari.HikariDataSource - HikariPool-6 - Start completed.
2026-07-15 16:46:06 INFO  [restartedMain] o.hibernate.orm.connections.pooling - HHH10001005: Database info:
	Database JDBC URL [jdbc:postgresql://localhost:5432/smart_ticket_router]
	Database driver: PostgreSQL JDBC Driver
	Database dialect: PostgreSQLDialect
	Database version: 18.4
	Default catalog/schema: smart_ticket_router/public
	Autocommit mode: undefined/unknown
	Isolation level: READ_COMMITTED [default READ_COMMITTED]
	JDBC fetch size: none
	Pool: DataSourceConnectionProvider
	Minimum pool size: undefined/unknown
	Maximum pool size: undefined/unknown
