2026-07-15 21:52:07 WARN  [http-nio-8080-exec-3] o.t.s.p.AbstractStandardFragmentInsertionTagProcessor - [THYMELEAF][http-nio-8080-exec-3][login] Deprecated unwrapped fragment expression "fragments/footer :: footer" found in template login, line 213, col 6. Please use the complete syntax of fragment expressions instead ("~{fragments/footer :: footer}"). The old, unwrapped syntax for fragment expressions will be removed in future versions of Thymeleaf.
2026-07-15 21:52:07 INFO  [http-nio-8080-exec-5] c.e.s.controller.AuthController - Login page requested.
2026-07-15 21:52:07 WARN  [http-nio-8080-exec-5] o.t.s.p.AbstractStandardFragmentInsertionTagProcessor - [THYMELEAF][http-nio-8080-exec-5][login] Deprecated unwrapped fragment expression "fragments/navbar :: navbar" found in template login, line 46, col 6. Please use the complete syntax of fragment expressions instead ("~{fragments/navbar :: navbar}"). The old, unwrapped syntax for fragment expressions will be removed in future versions of Thymeleaf.
2026-07-15 21:52:07 WARN  [http-nio-8080-exec-5] o.t.s.p.AbstractStandardFragmentInsertionTagProcessor - [THYMELEAF][http-nio-8080-exec-5][login] Deprecated unwrapped fragment expression "fragments/footer :: footer" found in template login, line 213, col 6. Please use the complete syntax of fragment expressions instead ("~{fragments/footer :: footer}"). The old, unwrapped syntax for fragment expressions will be removed in future versions of Thymeleaf.
2026-07-15 21:52:07 INFO  [http-nio-8080-exec-8] c.e.s.controller.AuthController - Login page requested.
2026-07-15 21:52:07 WARN  [http-nio-8080-exec-8] o.t.s.p.AbstractStandardFragmentInsertionTagProcessor - [THYMELEAF][http-nio-8080-exec-8][login] Deprecated unwrapped fragment expression "fragments/navbar :: navbar" found in template login, line 46, col 6. Please use the complete syntax of fragment expressions instead ("~{fragments/navbar :: navbar}"). The old, unwrapped syntax for fragment expressions will be removed in future versions of Thymeleaf.
2026-07-15 21:52:07 WARN  [http-nio-8080-exec-8] o.t.s.p.AbstractStandardFragmentInsertionTagProcessor - [THYMELEAF][http-nio-8080-exec-8][login] Deprecated unwrapped fragment expression "fragments/footer :: footer" found in template login, line 213, col 6. Please use the complete syntax of fragment expressions instead ("~{fragments/footer :: footer}"). The old, unwrapped syntax for fragment expressions will be removed in future versions of Thymeleaf.
2026-07-15 21:52:07 INFO  [http-nio-8080-exec-10] c.e.s.controller.AuthController - Login page requested.
2026-07-15 21:52:07 WARN  [http-nio-8080-exec-10] o.t.s.p.AbstractStandardFragmentInsertionTagProcessor - [THYMELEAF][http-nio-8080-exec-10][login] Deprecated unwrapped fragment expression "fragments/navbar :: navbar" found in template login, line 46, col 6. Please use the complete syntax of fragment expressions instead ("~{fragments/navbar :: navbar}"). The old, unwrapped syntax for fragment expressions will be removed in future versions of Thymeleaf.
2026-07-15 21:52:07 WARN  [http-nio-8080-exec-10] o.t.s.p.AbstractStandardFragmentInsertionTagProcessor - [THYMELEAF][http-nio-8080-exec-10][login] Deprecated unwrapped fragment expression "fragments/footer :: footer" found in template login, line 213, col 6. Please use the complete syntax of fragment expressions instead ("~{fragments/footer :: footer}"). The old, unwrapped syntax for fragment expressions will be removed in future versions of Thymeleaf.
2026-07-15 21:52:07 INFO  [http-nio-8080-exec-1] c.e.s.controller.AuthController - Login page requested.
2026-07-15 21:52:07 WARN  [http-nio-8080-exec-1] o.t.s.p.AbstractStandardFragmentInsertionTagProcessor - [THYMELEAF][http-nio-8080-exec-1][login] Deprecated unwrapped fragment expression "fragments/navbar :: navbar" found in template login, line 46, col 6. Please use the complete syntax of fragment expressions instead ("~{fragments/navbar :: navbar}"). The old, unwrapped syntax for fragment expressions will be removed in future versions of Thymeleaf.
2026-07-15 21:52:07 WARN  [http-nio-8080-exec-1] o.t.s.p.AbstractStandardFragmentInsertionTagProcessor - [THYMELEAF][http-nio-8080-exec-1][login] Deprecated unwrapped fragment expression "fragments/footer :: footer" found in template login, line 213, col 6. Please use the complete syntax of fragment expressions instead ("~{fragments/footer :: footer}"). The old, unwrapped syntax for fragment expressions will be removed in future versions of Thymeleaf.
2026-07-15 21:52:07 INFO  [http-nio-8080-exec-3] c.e.s.controller.AuthController - Login page requested.
2026-07-15 21:52:07 WARN  [http-nio-8080-exec-3] o.t.s.p.AbstractStandardFragmentInsertionTagProcessor - [THYMELEAF][http-nio-8080-exec-3][login] Deprecated unwrapped fragment expression "fragments/navbar :: navbar" found in template login, line 46, col 6. Please use the complete syntax of fragment expressions instead ("~{fragments/navbar :: navbar}"). The old, unwrapped syntax for fragment expressions will be removed in future versions of Thymeleaf.
2026-07-15 21:52:07 WARN  [http-nio-8080-exec-3] o.t.s.p.AbstractStandardFragmentInsertionTagProcessor - [THYMELEAF][http-nio-8080-exec-3][login] Deprecated unwrapped fragment expression "fragments/footer :: footer" found in template login, line 213, col 6. Please use the complete syntax of fragment expressions instead ("~{fragments/footer :: footer}"). The old, unwrapped syntax for fragment expressions will be removed in future versions of Thymeleaf.
2026-07-15 21:52:08 INFO  [http-nio-8080-exec-5] c.e.s.controller.AuthController - Login page requested.
2026-07-15 21:52:08 WARN  [http-nio-8080-exec-5] o.t.s.p.AbstractStandardFragmentInsertionTagProcessor - [THYMELEAF][http-nio-8080-exec-5][login] Deprecated unwrapped fragment expression "fragments/navbar :: navbar" found in template login, line 46, col 6. Please use the complete syntax of fragment expressions instead ("~{fragments/navbar :: navbar}"). The old, unwrapped syntax for fragment expressions will be removed in future versions of Thymeleaf.
2026-07-15 21:52:08 WARN  [http-nio-8080-exec-5] o.t.s.p.AbstractStandardFragmentInsertionTagProcessor - [THYMELEAF][http-nio-8080-exec-5][login] Deprecated unwrapped fragment expression "fragments/footer :: footer" found in template login, line 213, col 6. Please use the complete syntax of fragment expressions instead ("~{fragments/footer :: footer}"). The old, unwrapped syntax for fragment expressions will be removed in future versions of Thymeleaf.
2026-07-15 21:52:11 INFO  [http-nio-8080-exec-8] c.e.s.controller.AuthController - Login page requested.
2026-07-15 21:52:11 WARN  [http-nio-8080-exec-8] o.t.s.p.AbstractStandardFragmentInsertionTagProcessor - [THYMELEAF][http-nio-8080-exec-8][login] Deprecated unwrapped fragment expression "fragments/navbar :: navbar" found in template login, line 46, col 6. Please use the complete syntax of fragment expressions instead ("~{fragments/navbar :: navbar}"). The old, unwrapped syntax for fragment expressions will be removed in future versions of Thymeleaf.
2026-07-15 21:52:11 WARN  [http-nio-8080-exec-8] o.t.s.p.AbstractStandardFragmentInsertionTagProcessor - [THYMELEAF][http-nio-8080-exec-8][login] Deprecated unwrapped fragment expression "fragments/footer :: footer" found in template login, line 213, col 6. Please use the complete syntax of fragment expressions instead ("~{fragments/footer :: footer}"). The old, unwrapped syntax for fragment expressions will be removed in future versions of Thymeleaf.
2026-07-15 21:52:11 INFO  [http-nio-8080-exec-10] c.e.s.controller.AuthController - Login page requested.
2026-07-15 21:52:11 WARN  [http-nio-8080-exec-10] o.t.s.p.AbstractStandardFragmentInsertionTagProcessor - [THYMELEAF][http-nio-8080-exec-10][login] Deprecated unwrapped fragment expression "fragments/navbar :: navbar" found in template login, line 46, col 6. Please use the complete syntax of fragment expressions instead ("~{fragments/navbar :: navbar}"). The old, unwrapped syntax for fragment expressions will be removed in future versions of Thymeleaf.
2026-07-15 21:52:11 WARN  [http-nio-8080-exec-10] o.t.s.p.AbstractStandardFragmentInsertionTagProcessor - [THYMELEAF][http-nio-8080-exec-10][login] Deprecated unwrapped fragment expression "fragments/footer :: footer" found in template login, line 213, col 6. Please use the complete syntax of fragment expressions instead ("~{fragments/footer :: footer}"). The old, unwrapped syntax for fragment expressions will be removed in future versions of Thymeleaf.
2026-07-15 21:52:11 INFO  [http-nio-8080-exec-1] c.e.s.controller.AuthController - Login page requested.
2026-07-15 21:52:11 WARN  [http-nio-8080-exec-1] o.t.s.p.AbstractStandardFragmentInsertionTagProcessor - [THYMELEAF][http-nio-8080-exec-1][login] Deprecated unwrapped fragment expression "fragments/navbar :: navbar" found in template login, line 46, col 6. Please use the complete syntax of fragment expressions instead ("~{fragments/navbar :: navbar}"). The old, unwrapped syntax for fragment expressions will be removed in future versions of Thymeleaf.
2026-07-15 21:52:11 WARN  [http-nio-8080-exec-1] o.t.s.p.AbstractStandardFragmentInsertionTagProcessor - [THYMELEAF][http-nio-8080-exec-1][login] Deprecated unwrapped fragment expression "fragments/footer :: footer" found in template login, line 213, col 6. Please use the complete syntax of fragment expressions instead ("~{fragments/footer :: footer}"). The old, unwrapped syntax for fragment expressions will be removed in future versions of Thymeleaf.
2026-07-15 21:52:12 INFO  [http-nio-8080-exec-3] c.e.s.controller.AuthController - Login page requested.
2026-07-15 21:52:12 WARN  [http-nio-8080-exec-3] o.t.s.p.AbstractStandardFragmentInsertionTagProcessor - [THYMELEAF][http-nio-8080-exec-3][login] Deprecated unwrapped fragment expression "fragments/navbar :: navbar" found in template login, line 46, col 6. Please use the complete syntax of fragment expressions instead ("~{fragments/navbar :: navbar}"). The old, unwrapped syntax for fragment expressions will be removed in future versions of Thymeleaf.
2026-07-15 21:52:12 WARN  [http-nio-8080-exec-3] o.t.s.p.AbstractStandardFragmentInsertionTagProcessor - [THYMELEAF][http-nio-8080-exec-3][login] Deprecated unwrapped fragment expression "fragments/footer :: footer" found in template login, line 213, col 6. Please use the complete syntax of fragment expressions instead ("~{fragments/footer :: footer}"). The old, unwrapped syntax for fragment expressions will be removed in future versions of Thymeleaf.
2026-07-15 21:52:12 INFO  [http-nio-8080-exec-5] c.e.s.controller.AuthController - Login page requested.
2026-07-15 21:52:12 WARN  [http-nio-8080-exec-5] o.t.s.p.AbstractStandardFragmentInsertionTagProcessor - [THYMELEAF][http-nio-8080-exec-5][login] Deprecated unwrapped fragment expression "fragments/navbar :: navbar" found in template login, line 46, col 6. Please use the complete syntax of fragment expressions instead ("~{fragments/navbar :: navbar}"). The old, unwrapped syntax for fragment expressions will be removed in future versions of Thymeleaf.
2026-07-15 21:52:12 WARN  [http-nio-8080-exec-5] o.t.s.p.AbstractStandardFragmentInsertionTagProcessor - [THYMELEAF][http-nio-8080-exec-5][login] Deprecated unwrapped fragment expression "fragments/footer :: footer" found in template login, line 213, col 6. Please use the complete syntax of fragment expressions instead ("~{fragments/footer :: footer}"). The old, unwrapped syntax for fragment expressions will be removed in future versions of Thymeleaf.
2026-07-15 21:52:19 INFO  [http-nio-8080-exec-6] c.e.s.controller.AuthController - Login page requested.
2026-07-15 21:52:19 WARN  [http-nio-8080-exec-6] o.t.s.p.AbstractStandardFragmentInsertionTagProcessor - [THYMELEAF][http-nio-8080-exec-6][login] Deprecated unwrapped fragment expression "fragments/navbar :: navbar" found in template login, line 46, col 6. Please use the complete syntax of fragment expressions instead ("~{fragments/navbar :: navbar}"). The old, unwrapped syntax for fragment expressions will be removed in future versions of Thymeleaf.
2026-07-15 21:52:19 WARN  [http-nio-8080-exec-6] o.t.s.p.AbstractStandardFragmentInsertionTagProcessor - [THYMELEAF][http-nio-8080-exec-6][login] Deprecated unwrapped fragment expression "fragments/footer :: footer" found in template login, line 213, col 6. Please use the complete syntax of fragment expressions instead ("~{fragments/footer :: footer}"). The old, unwrapped syntax for fragment expressions will be removed in future versions of Thymeleaf.
2026-07-15 21:52:19 INFO  [http-nio-8080-exec-7] c.e.s.controller.AuthController - Login page requested.
2026-07-15 21:52:19 WARN  [http-nio-8080-exec-7] o.t.s.p.AbstractStandardFragmentInsertionTagProcessor - [THYMELEAF][http-nio-8080-exec-7][login] Deprecated unwrapped fragment expression "fragments/navbar :: navbar" found in template login, line 46, col 6. Please use the complete syntax of fragment expressions instead ("~{fragments/navbar :: navbar}"). The old, unwrapped syntax for fragment expressions will be removed in future versions of Thymeleaf.
2026-07-15 21:52:19 WARN  [http-nio-8080-exec-7] o.t.s.p.AbstractStandardFragmentInsertionTagProcessor - [THYMELEAF][http-nio-8080-exec-7][login] Deprecated unwrapped fragment expression "fragments/footer :: footer" found in template login, line 213, col 6. Please use the complete syntax of fragment expressions instead ("~{fragments/footer :: footer}"). The old, unwrapped syntax for fragment expressions will be removed in future versions of Thymeleaf.
2026-07-15 21:52:19 INFO  [http-nio-8080-exec-9] c.e.s.controller.AuthController - Login page requested.
2026-07-15 21:52:19 WARN  [http-nio-8080-exec-9] o.t.s.p.AbstractStandardFragmentInsertionTagProcessor - [THYMELEAF][http-nio-8080-exec-9][login] Deprecated unwrapped fragment expression "fragments/navbar :: navbar" found in template login, line 46, col 6. Please use the complete syntax of fragment expressions instead ("~{fragments/navbar :: navbar}"). The old, unwrapped syntax for fragment expressions will be removed in future versions of Thymeleaf.
2026-07-15 21:52:19 WARN  [http-nio-8080-exec-9] o.t.s.p.AbstractStandardFragmentInsertionTagProcessor - [THYMELEAF][http-nio-8080-exec-9][login] Deprecated unwrapped fragment expression "fragments/footer :: footer" found in template login, line 213, col 6. Please use the complete syntax of fragment expressions instead ("~{fragments/footer :: footer}"). The old, unwrapped syntax for fragment expressions will be removed in future versions of Thymeleaf.
2026-07-15 21:52:19 INFO  [http-nio-8080-exec-2] c.e.s.controller.AuthController - Login page requested.
2026-07-15 21:52:19 WARN  [http-nio-8080-exec-2] o.t.s.p.AbstractStandardFragmentInsertionTagProcessor - [THYMELEAF][http-nio-8080-exec-2][login] Deprecated unwrapped fragment expression "fragments/navbar :: navbar" found in template login, line 46, col 6. Please use the complete syntax of fragment expressions instead ("~{fragments/navbar :: navbar}"). The old, unwrapped syntax for fragment expressions will be removed in future versions of Thymeleaf.
2026-07-15 21:52:19 WARN  [http-nio-8080-exec-2] o.t.s.p.AbstractStandardFragmentInsertionTagProcessor - [THYMELEAF][http-nio-8080-exec-2][login] Deprecated unwrapped fragment expression "fragments/footer :: footer" found in template login, line 213, col 6. Please use the complete syntax of fragment expressions instead ("~{fragments/footer :: footer}"). The old, unwrapped syntax for fragment expressions will be removed in future versions of Thymeleaf.
2026-07-15 21:52:20 INFO  [http-nio-8080-exec-4] c.e.s.controller.AuthController - Login page requested.
2026-07-15 21:52:20 WARN  [http-nio-8080-exec-4] o.t.s.p.AbstractStandardFragmentInsertionTagProcessor - [THYMELEAF][http-nio-8080-exec-4][login] Deprecated unwrapped fragment expression "fragments/navbar :: navbar" found in template login, line 46, col 6. Please use the complete syntax of fragment expressions instead ("~{fragments/navbar :: navbar}"). The old, unwrapped syntax for fragment expressions will be removed in future versions of Thymeleaf.
2026-07-15 21:52:20 WARN  [http-nio-8080-exec-4] o.t.s.p.AbstractStandardFragmentInsertionTagProcessor - [THYMELEAF][http-nio-8080-exec-4][login] Deprecated unwrapped fragment expression "fragments/footer :: footer" found in template login, line 213, col 6. Please use the complete syntax of fragment expressions instead ("~{fragments/footer :: footer}"). The old, unwrapped syntax for fragment expressions will be removed in future versions of Thymeleaf.
2026-07-15 21:56:40 INFO  [File Watcher] o.s.b.d.a.LocalDevToolsAutoConfiguration$RestartingClassPathChangeChangedEventListener - Restarting due to 1 class path change (0 additions, 1 deletion, 0 modifications)
2026-07-15 21:56:40 INFO  [Thread-1] o.s.boot.tomcat.GracefulShutdown - Commencing graceful shutdown. Waiting for active requests to complete
2026-07-15 21:56:40 INFO  [tomcat-shutdown] o.a.coyote.http11.Http11NioProtocol - Pausing ProtocolHandler ["http-nio-8080"]
2026-07-15 21:56:40 INFO  [tomcat-shutdown] o.s.boot.tomcat.GracefulShutdown - Graceful shutdown complete
2026-07-15 21:56:40 INFO  [Thread-1] o.a.coyote.http11.Http11NioProtocol - Stopping ProtocolHandler ["http-nio-8080"]
2026-07-15 21:56:40 INFO  [Thread-1] o.s.o.j.LocalContainerEntityManagerFactoryBean - Closing JPA EntityManagerFactory for persistence unit 'default'
2026-07-15 21:56:40 INFO  [Thread-1] com.zaxxer.hikari.HikariDataSource - HikariPool-1 - Shutdown initiated...
2026-07-15 21:56:40 INFO  [Thread-1] com.zaxxer.hikari.HikariDataSource - HikariPool-1 - Shutdown completed.
2026-07-15 21:56:41 INFO  [restartedMain] c.e.s.SmartTicketRouterApplication - Starting Smart Ticket Router application...
2026-07-15 21:56:41 INFO  [restartedMain] c.e.s.SmartTicketRouterApplication - Starting SmartTicketRouterApplication using Java 21.0.11 with PID 10034 (/Users/n.chaithra/Downloads/smart-ticket-router/target/classes started by n.chaithra in /Users/n.chaithra/Downloads/smart-ticket-router)
2026-07-15 21:56:41 DEBUG [restartedMain] c.e.s.SmartTicketRouterApplication - Running with Spring Boot v4.1.0, Spring v7.0.8
2026-07-15 21:56:41 INFO  [restartedMain] c.e.s.SmartTicketRouterApplication - No active profile set, falling back to 1 default profile: "default"
2026-07-15 21:56:41 INFO  [restartedMain] o.s.d.r.c.RepositoryConfigurationDelegate - Bootstrapping Spring Data JPA repositories in DEFAULT mode.
2026-07-15 21:56:41 INFO  [restartedMain] o.s.d.r.c.RepositoryConfigurationDelegate - Finished Spring Data repository scanning in 3 ms. Found 2 JPA repository interfaces.
2026-07-15 21:56:41 INFO  [restartedMain] o.s.boot.tomcat.TomcatWebServer - Tomcat initialized with port 8080 (http)
2026-07-15 21:56:41 INFO  [restartedMain] o.a.coyote.http11.Http11NioProtocol - Initializing ProtocolHandler ["http-nio-8080"]
2026-07-15 21:56:41 INFO  [restartedMain] o.a.catalina.core.StandardService - Starting service [Tomcat]
2026-07-15 21:56:41 INFO  [restartedMain] o.a.catalina.core.StandardEngine - Starting Servlet engine: [Apache Tomcat/11.0.22]
2026-07-15 21:56:41 INFO  [restartedMain] o.s.b.w.c.s.WebApplicationContextInitializer - Root WebApplicationContext: initialization completed in 84 ms
2026-07-15 21:56:41 INFO  [restartedMain] org.hibernate.orm.jpa - HHH008540: Processing PersistenceUnitInfo [name: default]
2026-07-15 21:56:41 INFO  [restartedMain] o.s.o.j.p.SpringPersistenceUnitInfo - No LoadTimeWeaver setup: ignoring JPA class transformer
2026-07-15 21:56:41 INFO  [restartedMain] com.zaxxer.hikari.HikariDataSource - HikariPool-2 - Starting...
2026-07-15 21:56:41 INFO  [restartedMain] com.zaxxer.hikari.pool.HikariPool - HikariPool-2 - Added connection org.postgresql.jdbc.PgConnection@da7ef13
2026-07-15 21:56:41 INFO  [restartedMain] com.zaxxer.hikari.HikariDataSource - HikariPool-2 - Start completed.
2026-07-15 21:56:41 INFO  [restartedMain] o.hibernate.orm.connections.pooling - HHH10001005: Database info:
	Database JDBC URL [jdbc:postgresql://localhost:5432/smart_ticket_router]
	Database driver: PostgreSQL JDBC Driver
	Database dialect: PostgreSQLDialect
	Database version: 18.4
	Default catalog/schema: smart_ticket_router/public
	Autocommit mode: undefined/unknown
	Isolation level: READ_COMMITTED [default READ_COMMITTED]
	JDBC fetch size: none
	Pool: DataSourceConnectionProvider
	Minimum pool size: undefined/unknown
	Maximum pool size: undefined/unknown
2026-07-15 21:56:41 INFO  [restartedMain] org.hibernate.orm.core - HHH000489: No JTA platform available (set 'hibernate.transaction.jta.platform' to enable JTA platform integration)
2026-07-15 21:56:41 INFO  [restartedMain] o.s.o.j.LocalContainerEntityManagerFactoryBean - Initialized JPA EntityManagerFactory for persistence unit 'default'
2026-07-15 21:56:41 INFO  [restartedMain] c.e.s.config.SecurityConfig - Creating BCryptPasswordEncoder bean.
2026-07-15 21:56:41 INFO  [restartedMain] c.e.s.config.ChromaConfig - Initializing ChromaDB.
2026-07-15 21:56:41 INFO  [restartedMain] c.e.s.service.ChromaService - Initializing ChromaDB collection.
2026-07-15 21:56:41 INFO  [restartedMain] c.e.s.client.ChromaClient - Creating ChromaDB collection: tickets
2026-07-15 21:56:41 INFO  [restartedMain] c.e.s.service.ChromaService - ChromaDB collection already exists.
2026-07-15 21:56:41 INFO  [restartedMain] c.e.s.config.ChromaConfig - ChromaDB initialization completed successfully.
2026-07-15 21:56:41 INFO  [restartedMain] c.e.s.config.SecurityConfig - Configuring DaoAuthenticationProvider.
2026-07-15 21:56:41 DEBUG [restartedMain] c.e.s.config.SecurityConfig - Password encoder configured for authentication provider.
2026-07-15 21:56:41 WARN  [restartedMain] o.s.b.j.a.JpaBaseConfiguration$JpaWebConfiguration - spring.jpa.open-in-view is enabled by default. Therefore, database queries may be performed during view rendering. Explicitly configure spring.jpa.open-in-view to disable this warning
2026-07-15 21:56:41 INFO  [restartedMain] o.s.s.c.a.a.c.InitializeAuthenticationProviderBeanManagerConfigurer$InitializeAuthenticationProviderManagerConfigurer - Global AuthenticationManager configured with AuthenticationProvider bean with name authenticationProvider
2026-07-15 21:56:41 WARN  [restartedMain] o.s.s.c.a.a.c.InitializeUserDetailsBeanManagerConfigurer$InitializeUserDetailsManagerConfigurer - Global AuthenticationManager configured with an AuthenticationProvider bean. UserDetailsService beans will not be used by Spring Security for automatically configuring username/password login. Consider removing the AuthenticationProvider bean. Alternatively, consider using the UserDetailsService in a manually instantiated DaoAuthenticationProvider. If the current configuration is intentional, to turn off this warning, increase the logging level of 'org.springframework.security.config.annotation.authentication.configuration.InitializeUserDetailsBeanManagerConfigurer' to ERROR
2026-07-15 21:56:41 INFO  [restartedMain] c.e.s.config.SecurityConfig - Configuring Spring Security filter chain.
2026-07-15 21:56:41 INFO  [restartedMain] c.e.s.config.SecurityConfig - Spring Security configuration completed.
2026-07-15 21:56:41 INFO  [restartedMain] o.s.b.w.a.WelcomePageHandlerMapping - Adding welcome page template: index
2026-07-15 21:56:41 INFO  [restartedMain] o.a.coyote.http11.Http11NioProtocol - Starting ProtocolHandler ["http-nio-8080"]
2026-07-15 21:56:41 INFO  [restartedMain] o.s.boot.tomcat.TomcatWebServer - Tomcat started on port 8080 (http) with context path '/'
2026-07-15 21:56:41 INFO  [restartedMain] c.e.s.SmartTicketRouterApplication - Started SmartTicketRouterApplication in 0.26 seconds (process running for 759.287)
2026-07-15 21:56:41 INFO  [restartedMain] c.e.s.config.AdminInitializer - Checking for default administrator account.
2026-07-15 21:56:41 INFO  [restartedMain] c.e.s.config.AdminInitializer - Default administrator account already exists.
2026-07-15 21:56:41 INFO  [restartedMain] o.s.b.d.a.ConditionEvaluationDeltaLoggingListener - Condition evaluation unchanged
2026-07-15 21:56:41 INFO  [restartedMain] c.e.s.SmartTicketRouterApplication - Smart Ticket Router application started successfully.
2026-07-15 22:00:31 INFO  [SpringApplicationShutdownHook] o.s.boot.tomcat.GracefulShutdown - Commencing graceful shutdown. Waiting for active requests to complete
2026-07-15 22:00:31 INFO  [tomcat-shutdown] o.s.boot.tomcat.GracefulShutdown - Graceful shutdown complete
2026-07-15 22:00:31 INFO  [SpringApplicationShutdownHook] o.s.o.j.LocalContainerEntityManagerFactoryBean - Closing JPA EntityManagerFactory for persistence unit 'default'
2026-07-15 22:00:31 INFO  [SpringApplicationShutdownHook] com.zaxxer.hikari.HikariDataSource - HikariPool-2 - Shutdown initiated...
2026-07-15 22:00:31 INFO  [SpringApplicationShutdownHook] com.zaxxer.hikari.HikariDataSource - HikariPool-2 - Shutdown completed.
2026-07-15 22:00:41 INFO  [background-preinit] o.h.validator.internal.util.Version - HV000001: Hibernate Validator 9.1.0.Final
2026-07-15 22:00:41 INFO  [restartedMain] c.e.s.SmartTicketRouterApplication - Starting SmartTicketRouterApplication using Java 21.0.11 with PID 11024 (/Users/n.chaithra/Downloads/smart-ticket-router/target/classes started by n.chaithra in /Users/n.chaithra/Downloads/smart-ticket-router)
2026-07-15 22:00:41 DEBUG [restartedMain] c.e.s.SmartTicketRouterApplication - Running with Spring Boot v4.1.0, Spring v7.0.8
2026-07-15 22:00:41 INFO  [restartedMain] c.e.s.SmartTicketRouterApplication - No active profile set, falling back to 1 default profile: "default"
2026-07-15 22:00:41 INFO  [restartedMain] o.s.b.d.e.DevToolsPropertyDefaultsPostProcessor - Devtools property defaults active! Set 'spring.devtools.add-properties' to 'false' to disable
2026-07-15 22:00:41 INFO  [restartedMain] o.s.b.d.e.DevToolsPropertyDefaultsPostProcessor - For additional web related logging consider setting the 'logging.level.web' property to 'DEBUG'
2026-07-15 22:00:42 INFO  [restartedMain] o.s.d.r.c.RepositoryConfigurationDelegate - Bootstrapping Spring Data JPA repositories in DEFAULT mode.
2026-07-15 22:00:42 INFO  [restartedMain] o.s.d.r.c.RepositoryConfigurationDelegate - Finished Spring Data repository scanning in 19 ms. Found 2 JPA repository interfaces.
2026-07-15 22:00:42 INFO  [restartedMain] o.s.boot.tomcat.TomcatWebServer - Tomcat initialized with port 8080 (http)
2026-07-15 22:00:42 INFO  [restartedMain] o.a.coyote.http11.Http11NioProtocol - Initializing ProtocolHandler ["http-nio-8080"]
2026-07-15 22:00:42 INFO  [restartedMain] o.a.catalina.core.StandardService - Starting service [Tomcat]
2026-07-15 22:00:42 INFO  [restartedMain] o.a.catalina.core.StandardEngine - Starting Servlet engine: [Apache Tomcat/11.0.22]
2026-07-15 22:00:42 INFO  [restartedMain] o.s.b.w.c.s.WebApplicationContextInitializer - Root WebApplicationContext: initialization completed in 467 ms
2026-07-15 22:00:42 INFO  [restartedMain] org.hibernate.orm.jpa - HHH008540: Processing PersistenceUnitInfo [name: default]
2026-07-15 22:00:42 INFO  [restartedMain] org.hibernate.orm.core - HHH000001: Hibernate ORM core version 7.4.1.Final
2026-07-15 22:00:42 INFO  [restartedMain] o.s.o.j.p.SpringPersistenceUnitInfo - No LoadTimeWeaver setup: ignoring JPA class transformer
2026-07-15 22:00:42 INFO  [restartedMain] com.zaxxer.hikari.HikariDataSource - HikariPool-1 - Starting...
2026-07-15 22:00:42 INFO  [restartedMain] com.zaxxer.hikari.pool.HikariPool - HikariPool-1 - Added connection org.postgresql.jdbc.PgConnection@7ee8d76e
2026-07-15 22:00:42 INFO  [restartedMain] com.zaxxer.hikari.HikariDataSource - HikariPool-1 - Start completed.
2026-07-15 22:00:42 INFO  [restartedMain] o.hibernate.orm.connections.pooling - HHH10001005: Database info:
	Database JDBC URL [jdbc:postgresql://localhost:5432/smart_ticket_router]
	Database driver: PostgreSQL JDBC Driver
	Database dialect: PostgreSQLDialect
	Database version: 18.4
	Default catalog/schema: smart_ticket_router/public
	Autocommit mode: undefined/unknown
	Isolation level: READ_COMMITTED [default READ_COMMITTED]
	JDBC fetch size: none
	Pool: DataSourceConnectionProvider
	Minimum pool size: undefined/unknown
	Maximum pool size: undefined/unknown
2026-07-15 22:00:43 INFO  [restartedMain] org.hibernate.orm.core - HHH000489: No JTA platform available (set 'hibernate.transaction.jta.platform' to enable JTA platform integration)
2026-07-15 22:00:43 INFO  [restartedMain] o.s.o.j.LocalContainerEntityManagerFactoryBean - Initialized JPA EntityManagerFactory for persistence unit 'default'
2026-07-15 22:00:43 INFO  [restartedMain] o.s.d.j.r.q.QueryEnhancerFactories - Hibernate is in classpath; If applicable, HQL parser will be used.
2026-07-15 22:00:43 INFO  [restartedMain] c.e.s.config.SecurityConfig - Creating BCryptPasswordEncoder bean.
2026-07-15 22:00:43 INFO  [restartedMain] c.e.s.config.ChromaConfig - Initializing ChromaDB.
2026-07-15 22:00:43 INFO  [restartedMain] c.e.s.service.ChromaService - Initializing ChromaDB collection.
2026-07-15 22:00:43 INFO  [restartedMain] c.e.s.client.ChromaClient - Creating ChromaDB collection: tickets
2026-07-15 22:00:43 INFO  [restartedMain] c.e.s.service.ChromaService - ChromaDB collection already exists.
2026-07-15 22:00:43 INFO  [restartedMain] c.e.s.config.ChromaConfig - ChromaDB initialization completed successfully.
2026-07-15 22:00:43 INFO  [restartedMain] c.e.s.config.SecurityConfig - Configuring DaoAuthenticationProvider.
2026-07-15 22:00:43 DEBUG [restartedMain] c.e.s.config.SecurityConfig - Password encoder configured for authentication provider.
2026-07-15 22:00:43 WARN  [restartedMain] o.s.b.j.a.JpaBaseConfiguration$JpaWebConfiguration - spring.jpa.open-in-view is enabled by default. Therefore, database queries may be performed during view rendering. Explicitly configure spring.jpa.open-in-view to disable this warning
2026-07-15 22:00:43 INFO  [restartedMain] o.s.s.c.a.a.c.InitializeAuthenticationProviderBeanManagerConfigurer$InitializeAuthenticationProviderManagerConfigurer - Global AuthenticationManager configured with AuthenticationProvider bean with name authenticationProvider
2026-07-15 22:00:43 WARN  [restartedMain] o.s.s.c.a.a.c.InitializeUserDetailsBeanManagerConfigurer$InitializeUserDetailsManagerConfigurer - Global AuthenticationManager configured with an AuthenticationProvider bean. UserDetailsService beans will not be used by Spring Security for automatically configuring username/password login. Consider removing the AuthenticationProvider bean. Alternatively, consider using the UserDetailsService in a manually instantiated DaoAuthenticationProvider. If the current configuration is intentional, to turn off this warning, increase the logging level of 'org.springframework.security.config.annotation.authentication.configuration.InitializeUserDetailsBeanManagerConfigurer' to ERROR
